[31mfatal[39m: GET es /fatal - 19:17:41
[31mfatal[39m: GET es /fatal - 19:17:41
[31mfatal[39m: POST es /api/users/reset-password - 14:19:03
[31mfatal[39m: POST es /api/users/reset-password - 14:19:03
[31mfatal[39m: POST es /api/users/password-recovery - 14:19:33
[31mfatal[39m: POST es /api/users/password-recovery - 14:19:33
[31mfatal[39m: POST es /api/users/password-recovery - 14:21:03
[31mfatal[39m: POST es /api/users/password-recovery - 14:21:03
[31mfatal[39m: POST es /api/users/password-recovery - 14:30:47
[31mfatal[39m: POST es /api/users/password-recovery - 14:30:47
[31mfatal[39m: POST es /api/users/password-recovery - 17:24:30
[31mfatal[39m: POST es /api/users/password-recovery - 17:24:30
[31mfatal[39m: POST es /api/users/password-recovery - 19:47:21
[31mfatal[39m: POST es /api/users/password-recovery - 19:47:21
[31mfatal[39m: POST es /api/users/password-recovery - 19:50:20
[31mfatal[39m: POST es /api/users/password-recovery - 19:50:20
[31mfatal[39m: POST es /api/users/password-recovery - 19:50:34
[31mfatal[39m: POST es /api/users/password-recovery - 19:50:34
[31mfatal[39m: POST es /api/users/password-recovery - 19:53:20
[31mfatal[39m: POST es /api/users/password-recovery - 19:53:20
[31mfatal[39m: POST es /api/users/password-recovery - 19:55:40
[31mfatal[39m: POST es /api/users/password-recovery - 19:55:40
[31mfatal[39m: POST es /api/users/password-recovery - 20:41:26
[31mfatal[39m: POST es /api/users/password-recovery - 20:41:26
[31mfatal[39m: POST es /api/users/password-recovery - 20:41:34
[31mfatal[39m: POST es /api/users/password-recovery - 20:41:34
[31mfatal[39m: POST es /api/users/password-recovery - 20:44:49
[31mfatal[39m: POST es /api/users/password-recovery - 20:44:49
[31mfatal[39m: POST es /api/users/password-recovery - 20:45:28
[31mfatal[39m: POST es /api/users/password-recovery - 20:45:28
[31mfatal[39m: POST es /api/users/password-recovery - 20:47:01
[31mfatal[39m: POST es /api/users/password-recovery - 20:47:01
[31mfatal[39m: POST es /api/users/password-recovery - 20:48:29
[31mfatal[39m: POST es /api/users/password-recovery - 20:48:29
[31mfatal[39m: POST es /api/users/password-recovery - 20:48:38
[31mfatal[39m: POST es /api/users/password-recovery - 20:48:38
[31mfatal[39m: POST es /api/users/password-recovery - 20:51:20
[31mfatal[39m: POST es /api/users/password-recovery - 20:51:20
[31mfatal[39m: POST es /api/users/password-recovery - 20:54:44
[31mfatal[39m: POST es /api/users/password-recovery - 20:54:44
[31mfatal[39m: POST es /api/users/password-recovery - 20:55:48
[31mfatal[39m: POST es /api/users/password-recovery - 20:55:48
[31mfatal[39m: POST es /api/users/password-recovery - 20:56:32
[31mfatal[39m: POST es /api/users/password-recovery - 20:56:32
[31mfatal[39m: POST es /api/users/password-recovery - 20:59:11
[31mfatal[39m: POST es /api/users/password-recovery - 20:59:11
[31mfatal[39m: GET es /api/users/password-recovery - 20:59:22
[31mfatal[39m: GET es /api/users/password-recovery - 20:59:22
[31mfatal[39m: POST es /api/users/password-recovery - 21:02:09
[31mfatal[39m: POST es /api/users/password-recovery - 21:02:09
[31mfatal[39m: POST es /api/users/password-recovery - 21:06:11
[31mfatal[39m: POST es /api/users/password-recovery - 21:06:11
[31mfatal[39m: POST es /api/users/password-recovery - 21:07:27
[31mfatal[39m: POST es /api/users/password-recovery - 21:07:27
[31mfatal[39m: GET es /api/users/password-recovery - 21:07:44
[31mfatal[39m: GET es /api/users/password-recovery - 21:07:44
[31mfatal[39m: POST es /api/users/password-recovery - 21:07:48
[31mfatal[39m: POST es /api/users/password-recovery - 21:07:48
[31mfatal[39m: POST es /api/users/password-recovery - 21:22:57
[31mfatal[39m: POST es /api/users/password-recovery - 21:22:57
[31mfatal[39m: POST es /api/users/password-recovery - 21:25:40
[31mfatal[39m: POST es /api/users/password-recovery - 21:25:40
[31mfatal[39m: POST es /api/users/password-recovery - 21:40:53
[31mfatal[39m: POST es /api/users/password-recovery - 21:40:53
[31mfatal[39m: POST es /api/users/password-recovery - 21:44:55
[31mfatal[39m: POST es /api/users/password-recovery - 21:44:55
[31mfatal[39m: POST es /api/users/password-recovery - 21:45:16
[31mfatal[39m: POST es /api/users/password-recovery - 21:45:16
[31mfatal[39m: PUT es /api/carts/null/products/ - 20:51:24
[31mfatal[39m: PUT es /api/carts/null/products/ - 20:51:24
[31mfatal[39m: PUT es /api/carts/6582027545d7c5ae7a6ad576/products/ - 20:52:05
[31mfatal[39m: PUT es /api/carts/6582027545d7c5ae7a6ad576/products/ - 20:52:05
[31mfatal[39m: POST es /api/carts/6582030729132a5d25e98aaf/products/ - 20:54:32
[31mfatal[39m: POST es /api/carts/6582030729132a5d25e98aaf/products/ - 20:54:32
[31mfatal[39m: POST es /api/carts/65820512cfa1e5385b1ae873/products/ - 21:03:14
[31mfatal[39m: POST es /api/carts/65820512cfa1e5385b1ae873/products/ - 21:03:14
[31mfatal[39m: POST es /api/carts/65820daaed7e121c7a50fe00/products/ - 21:39:54
[31mfatal[39m: POST es /api/carts/65820daaed7e121c7a50fe00/products/ - 21:39:54
[31mfatal[39m: POST es /api/carts/65820ea0b1048c0aab85bd43/products/ - 21:44:00
[31mfatal[39m: POST es /api/carts/65820ea0b1048c0aab85bd43/products/ - 21:44:00
[31mfatal[39m: POST es /api/carts/65820eef05a56ec3c8eeb908/products/ - 21:45:19
[31mfatal[39m: POST es /api/carts/65820eef05a56ec3c8eeb908/products/ - 21:45:19
[31mfatal[39m: POST es /api/users/password-recovery - 15:03:46
[31mfatal[39m: POST es /api/users/password-recovery - 15:03:46
[31mfatal[39m: POST es /api/sessions/current - 15:17:28
[31mfatal[39m: POST es /api/sessions/current - 15:17:28
[31mfatal[39m: POST es /api/sessions/current - 15:17:58
[31mfatal[39m: POST es /api/sessions/current - 15:17:58
[31mfatal[39m: POST es /api/sessions/current - 21:15:57
[31mfatal[39m: POST es /api/sessions/current - 21:15:57
[31mfatal[39m: POST es /api/users/651333512b0a266d50da8b22/profiles - 19:17:41
[31mfatal[39m: POST es /api/users/651333512b0a266d50da8b22/profiles - 19:17:41
[31mfatal[39m: POST es /api/users/651333512b0a266d50da8b22/profiles - 19:19:56
[31mfatal[39m: POST es /api/users/651333512b0a266d50da8b22/profiles - 19:19:56
[31mfatal[39m: POST es /api/users/651333512b0a266d50da8b22/profiles - 19:30:41
[31mfatal[39m: POST es /api/users/651333512b0a266d50da8b22/profiles - 19:30:41
[31mfatal[39m: POST es /api/users/651333512b0a266d50da8b22/profiles - 19:32:37
[31mfatal[39m: POST es /api/users/651333512b0a266d50da8b22/profiles - 19:32:37
[31mfatal[39m: POST es /api/users/651333512b0a266d50da8b22/profiles - 19:38:05
[31mfatal[39m: POST es /api/users/651333512b0a266d50da8b22/profiles - 19:38:05
[31mfatal[39m: POST es /api/users/651333512b0a266d50da8b22/profiles - 19:38:15
[31mfatal[39m: POST es /api/users/651333512b0a266d50da8b22/profiles - 19:38:15
[31mfatal[39m: POST es /api/users/651333512b0a266d50da8b22/profiles - 19:38:37
[31mfatal[39m: POST es /api/users/651333512b0a266d50da8b22/profiles - 19:38:37
[31mfatal[39m: POST es /api/users/651333512b0a266d50da8b22/profiles - 19:38:40
[31mfatal[39m: POST es /api/users/651333512b0a266d50da8b22/profiles - 19:38:40
[31mfatal[39m: POST es /api/users/651333512b0a266d50da8b22/profiles - 19:39:23
[31mfatal[39m: POST es /api/users/651333512b0a266d50da8b22/profiles - 19:39:23
[31mfatal[39m: POST es /api/users/651333512b0a266d50da8b22/profiles - 19:39:55
[31mfatal[39m: POST es /api/users/651333512b0a266d50da8b22/profiles - 19:39:55
[31mfatal[39m: POST es /api/users/651333512b0a266d50da8b22/profiles - 18:25:50
[31mfatal[39m: POST es /api/users/651333512b0a266d50da8b22/profiles - 18:25:50
[31mfatal[39m: POST es /api/users//profiles - 18:26:25
[31mfatal[39m: POST es /api/users//profiles - 18:26:25
[31mfatal[39m: POST es /api/users/123/profiles - 18:26:33
[31mfatal[39m: POST es /api/users/123/profiles - 18:26:33
[31mfatal[39m: POST es /api/users/651333512b0a266d50da8b22/profiles - 18:28:25
[31mfatal[39m: POST es /api/users/651333512b0a266d50da8b22/profiles - 18:28:25
[31mfatal[39m: POST es /api/users/ - 22:56:48
[31mfatal[39m: POST es /api/users/ - 22:56:48
[31mfatal[39m: DELETE es /api/user/65835f1f8e3f6b9ba7bbf672 - 22:59:13
[31mfatal[39m: DELETE es /api/user/65835f1f8e3f6b9ba7bbf672 - 22:59:13
[31mfatal[39m: DELETE es /api/sessions/login - 09:22:36
[31mfatal[39m: DELETE es /api/sessions/login - 09:22:36
[31mfatal[39m: DELETE es /api/sessions/login - 09:22:39
[31mfatal[39m: DELETE es /api/sessions/login - 09:22:39
[31mfatal[39m: DELETE es /api/sessions/login - 09:22:42
[31mfatal[39m: DELETE es /api/sessions/login - 09:22:42
[31mfatal[39m: DELETE es /api/sessions/login - 09:22:47
[31mfatal[39m: DELETE es /api/sessions/login - 09:22:47
[31mfatal[39m: POST es /api/sessions/logout - 11:11:51
[31mfatal[39m: POST es /api/sessions/logout - 11:11:51
[31mfatal[39m: POST es /api/login - 15:26:03
[31mfatal[39m: POST es /api/login - 15:26:03
[31mfatal[39m: POST es /api/login - 15:26:09
[31mfatal[39m: POST es /api/login - 15:26:09
[31mfatal[39m: POST es /api/login - 15:26:21
[31mfatal[39m: POST es /api/login - 15:26:21
[31mfatal[39m: POST es /api/login - 15:31:57
[31mfatal[39m: POST es /api/login - 15:31:57
[31mfatal[39m: POST es /api/login - 15:31:58
[31mfatal[39m: POST es /api/login - 15:31:58
[31mfatal[39m: POST es /api/cart/add/654c03d52088ab21393b0b99 - 17:48:05
[31mfatal[39m: POST es /api/cart/add/654c03d52088ab21393b0b99 - 17:48:05
[31mfatal[39m: POST es /api/cart/reemplaza-con-el-id-del-carrito-del-usuario/products/654c03d52088ab21393b0b99 - 17:50:03
[31mfatal[39m: POST es /api/cart/reemplaza-con-el-id-del-carrito-del-usuario/products/654c03d52088ab21393b0b99 - 17:50:03
[31mfatal[39m: POST es /api/cart/reemplaza-con-el-id-del-carrito-del-usuario/products/654c03d52088ab21393b0b99 - 17:50:05
[31mfatal[39m: POST es /api/cart/reemplaza-con-el-id-del-carrito-del-usuario/products/654c03d52088ab21393b0b99 - 17:50:05
[31mfatal[39m: POST es /api/cart/65a663a783178669e742f62f/products/654c03d52088ab21393b0b99 - 17:50:29
[31mfatal[39m: POST es /api/cart/65a663a783178669e742f62f/products/654c03d52088ab21393b0b99 - 17:50:29
[31mfatal[39m: POST es /api/cart/65a663a783178669e742f62f/products/654c03d52088ab21393b0b99 - 17:50:31
[31mfatal[39m: POST es /api/cart/65a663a783178669e742f62f/products/654c03d52088ab21393b0b99 - 17:50:31
[31mfatal[39m: POST es /api/cart/65a663a783178669e742f62f/products/654c03d52088ab21393b0b99 - 17:52:10
[31mfatal[39m: POST es /api/cart/65a663a783178669e742f62f/products/654c03d52088ab21393b0b99 - 17:52:10
[31mfatal[39m: POST es /api/cart/65a663a783178669e742f62f/products/654c03d52088ab21393b0b99 - 17:52:13
[31mfatal[39m: POST es /api/cart/65a663a783178669e742f62f/products/654c03d52088ab21393b0b99 - 17:52:13
[31mfatal[39m: POST es /api/cart/65a663a783178669e742f62f/products/654c03d52088ab21393b0b99 - 17:57:10
[31mfatal[39m: POST es /api/cart/65a663a783178669e742f62f/products/654c03d52088ab21393b0b99 - 17:57:10
[31mfatal[39m: POST es /api/cart/65a663a783178669e742f62f/products/654c03d52088ab21393b0b99 - 17:57:15
[31mfatal[39m: POST es /api/cart/65a663a783178669e742f62f/products/654c03d52088ab21393b0b99 - 17:57:15
[31mfatal[39m: POST es /api/cart/65a663a783178669e742f62f/products/654c03d52088ab21393b0b99 - 17:57:31
[31mfatal[39m: POST es /api/cart/65a663a783178669e742f62f/products/654c03d52088ab21393b0b99 - 17:57:31
[31mfatal[39m: POST es /api/cart/65a663a783178669e742f62f/products/654c03d52088ab21393b0b99 - 17:58:16
[31mfatal[39m: POST es /api/cart/65a663a783178669e742f62f/products/654c03d52088ab21393b0b99 - 17:58:16
[31mfatal[39m: POST es /api/cart/65a663a783178669e742f62f/products/654c03d52088ab21393b0b99 - 17:59:13
[31mfatal[39m: POST es /api/cart/65a663a783178669e742f62f/products/654c03d52088ab21393b0b99 - 17:59:13
[31mfatal[39m: POST es /api/cart/65a663a783178669e742f62f/products/654c03d52088ab21393b0b99 - 18:01:53
[31mfatal[39m: POST es /api/cart/65a663a783178669e742f62f/products/654c03d52088ab21393b0b99 - 18:01:53
[31mfatal[39m: POST es /api/cart/65a663a783178669e742f62f/products/654c03d52088ab21393b0b99 - 18:02:03
[31mfatal[39m: POST es /api/cart/65a663a783178669e742f62f/products/654c03d52088ab21393b0b99 - 18:02:03
[31mfatal[39m: POST es /api/cart/65a663a783178669e742f62f/products/654c03d52088ab21393b0b99 - 18:06:50
[31mfatal[39m: POST es /api/cart/65a663a783178669e742f62f/products/654c03d52088ab21393b0b99 - 18:06:50
[31mfatal[39m: POST es /api/cart/65a663a783178669e742f62f/products/654c03d52088ab21393b0b99 - 18:07:47
[31mfatal[39m: POST es /api/cart/65a663a783178669e742f62f/products/654c03d52088ab21393b0b99 - 18:07:47
[31mfatal[39m: GET es /api/carts/undefined/products - 18:56:48
[31mfatal[39m: GET es /api/carts/undefined/products - 18:56:48
[31mfatal[39m: GET es /api/carts/undefined/products - 18:56:48
[31mfatal[39m: GET es /api/carts/undefined/products - 18:56:48
[31mfatal[39m: GET es /api/carts/null/products - 18:57:10
[31mfatal[39m: GET es /api/carts/null/products - 18:57:10
[31mfatal[39m: GET es /api/carts/undefined/products - 18:58:04
[31mfatal[39m: GET es /api/carts/undefined/products - 18:58:04
[31mfatal[39m: GET es /api/carts/undefined/products - 18:58:11
[31mfatal[39m: GET es /api/carts/undefined/products - 18:58:11
[31mfatal[39m: GET es /api/carts/undefined/products - 18:58:11
[31mfatal[39m: GET es /api/carts/undefined/products - 18:58:11
[31mfatal[39m: POST es /api/carts//products/659adbf133a0039a75aa9df0 - 20:50:46
[31mfatal[39m: POST es /api/carts//products/659adbf133a0039a75aa9df0 - 20:50:46
[31mfatal[39m: GET es /api/carts/ - 18:11:58
[31mfatal[39m: GET es /api/carts/ - 18:11:58
[31mfatal[39m: GET es /api/carts/ - 18:22:21
[31mfatal[39m: GET es /api/carts/ - 18:22:21
[31mfatal[39m: GET es /api/carts/ - 18:22:21
[31mfatal[39m: GET es /api/carts/ - 18:22:21
[31mfatal[39m: GET es /api/carts/ - 18:22:23
[31mfatal[39m: GET es /api/carts/ - 18:22:23
[31mfatal[39m: GET es /api/carts/ - 18:22:23
[31mfatal[39m: GET es /api/carts/ - 18:22:23
[31mfatal[39m: GET es /api/carts/ - 18:22:29
[31mfatal[39m: GET es /api/carts/ - 18:22:29
[31mfatal[39m: GET es /api/carts/ - 18:22:29
[31mfatal[39m: GET es /api/carts/ - 18:22:29
[31mfatal[39m: GET es /api/carts/ - 18:46:45
[31mfatal[39m: GET es /api/carts/ - 18:46:45
[31mfatal[39m: GET es /api/carts/ - 18:46:45
[31mfatal[39m: GET es /api/carts/ - 18:46:45
[31mfatal[39m: GET es /api/carts/ - 18:52:35
[31mfatal[39m: GET es /api/carts/ - 18:52:35
[31mfatal[39m: GET es /api/carts/ - 18:52:35
[31mfatal[39m: GET es /api/carts/ - 18:52:35
[31mfatal[39m: GET es /api/carts/ - 18:52:39
[31mfatal[39m: GET es /api/carts/ - 18:52:39
[31mfatal[39m: GET es /api/carts/ - 18:52:39
[31mfatal[39m: GET es /api/carts/ - 18:52:39
[31mfatal[39m: GET es /api/carts/ - 18:54:42
[31mfatal[39m: GET es /api/carts/ - 18:54:42
[31mfatal[39m: GET es /api/carts/ - 18:54:42
[31mfatal[39m: GET es /api/carts/ - 18:54:42
[31mfatal[39m: GET es /api/carts/65ac2e705e66a83aab94a784/purchase - 21:26:56
[31mfatal[39m: GET es /api/carts/65ac2e705e66a83aab94a784/purchase - 21:26:56
[31mfatal[39m: GET es /favicon.ico - 14:30:19
[31mfatal[39m: GET es /favicon.ico - 14:30:19
[31mfatal[39m: GET es /upload/products/1706715884755-taragui.jpg - 18:19:11
[31mfatal[39m: GET es /upload/products/1706715884755-taragui.jpg - 18:19:11
[31mfatal[39m: GET es /upload/products/1706715884755-taragui.jpg - 18:36:43
[31mfatal[39m: GET es /upload/products/1706715884755-taragui.jpg - 18:36:43
[31mfatal[39m: GET es /upload/products/ - 19:49:11
[31mfatal[39m: GET es /upload/products/ - 19:49:11
[31mfatal[39m: GET es /upload/products/1706715884755-taragui.jpg - 19:50:12
[31mfatal[39m: GET es /upload/products/1706715884755-taragui.jpg - 19:50:12
[31mfatal[39m: GET es /upload/products/1706729386135-nintendo.jpg - 19:56:18
[31mfatal[39m: GET es /upload/products/1706729386135-nintendo.jpg - 19:56:18
[31mfatal[39m: GET es /upload/products/1706729386135-nintendo.jpg - 19:56:54
[31mfatal[39m: GET es /upload/products/1706729386135-nintendo.jpg - 19:56:54
[31mfatal[39m: GET es /upload/products/1706729386135-nintendo.jpg - 19:56:54
[31mfatal[39m: GET es /upload/products/1706729386135-nintendo.jpg - 19:56:54
[31mfatal[39m: GET es /upload/products/1706729386135-nintendo.jpg - 19:57:15
[31mfatal[39m: GET es /upload/products/1706729386135-nintendo.jpg - 19:57:15
[31mfatal[39m: GET es /upload/products/1706729386135-nintendo.jpg - 19:57:17
[31mfatal[39m: GET es /upload/products/1706729386135-nintendo.jpg - 19:57:17
[31mfatal[39m: GET es /upload/products/1706729386135-nintendo.jpg - 20:00:03
[31mfatal[39m: GET es /upload/products/1706729386135-nintendo.jpg - 20:00:03
[31mfatal[39m: GET es /upload/products/1706729386135-nintendo.jpg - 20:00:04
[31mfatal[39m: GET es /upload/products/1706729386135-nintendo.jpg - 20:00:04
[31mfatal[39m: GET es /upload/products/1706729386135-nintendo.jpg - 20:00:05
[31mfatal[39m: GET es /upload/products/1706729386135-nintendo.jpg - 20:00:05
[31mfatal[39m: GET es /upload/products/1706729386135-nintendo.jpg - 20:00:05
[31mfatal[39m: GET es /upload/products/1706729386135-nintendo.jpg - 20:00:05
[31mfatal[39m: GET es /upload/products/1706729386135-nintendo.jpg - 20:00:06
[31mfatal[39m: GET es /upload/products/1706729386135-nintendo.jpg - 20:00:06
[31mfatal[39m: GET es /upload/products/1706729386135-nintendo.jpg - 20:00:06
[31mfatal[39m: GET es /upload/products/1706729386135-nintendo.jpg - 20:00:06
[31mfatal[39m: GET es /upload/products/1706729386135-nintendo.jpg - 20:00:06
[31mfatal[39m: GET es /upload/products/1706729386135-nintendo.jpg - 20:00:06
[31mfatal[39m: GET es /upload/products/1706729386135-nintendo.jpg - 20:00:06
[31mfatal[39m: GET es /upload/products/1706729386135-nintendo.jpg - 20:00:06
[31mfatal[39m: GET es /upload/products/1706729386135-nintendo.jpg - 20:00:07
[31mfatal[39m: GET es /upload/products/1706729386135-nintendo.jpg - 20:00:07
[31mfatal[39m: GET es /upload/products/1706729386135-nintendo.jpg - 20:00:07
[31mfatal[39m: GET es /upload/products/1706729386135-nintendo.jpg - 20:00:07
[31mfatal[39m: GET es /upload/products/1706729386135-nintendo.jpg - 20:00:07
[31mfatal[39m: GET es /upload/products/1706729386135-nintendo.jpg - 20:00:07
[31mfatal[39m: GET es /upload/products/1706729386135-nintendo.jpg - 20:00:07
[31mfatal[39m: GET es /upload/products/1706729386135-nintendo.jpg - 20:00:07
[31mfatal[39m: GET es /upload/products/1706729386135-nintendo.jpg - 20:00:07
[31mfatal[39m: GET es /upload/products/1706729386135-nintendo.jpg - 20:00:07
[31mfatal[39m: GET es /images - 12:47:21
[31mfatal[39m: GET es /images - 12:47:21
[31mfatal[39m: GET es /favicon.ico - 12:47:41
[31mfatal[39m: GET es /favicon.ico - 12:47:41
[31mfatal[39m: GET es /images - 12:47:53
[31mfatal[39m: GET es /images - 12:47:53
[31mfatal[39m: GET es /images/1706729386135-nintendo.jpg - 12:54:18
[31mfatal[39m: GET es /images/1706729386135-nintendo.jpg - 12:54:18
[31mfatal[39m: GET es /images/1706729386135-nintendo.jpg - 12:56:11
[31mfatal[39m: GET es /images/1706729386135-nintendo.jpg - 12:56:11
[31mfatal[39m: GET es /images/1706729386135-nintendo.jpg - 12:57:16
[31mfatal[39m: GET es /images/1706729386135-nintendo.jpg - 12:57:16
[31mfatal[39m: GET es /images/1706729386135-nintendo.jpg - 12:57:24
[31mfatal[39m: GET es /images/1706729386135-nintendo.jpg - 12:57:24
[31mfatal[39m: GET es /images/1706729386135-nintendo.jpg - 12:57:27
[31mfatal[39m: GET es /images/1706729386135-nintendo.jpg - 12:57:27
[31mfatal[39m: GET es /images/1706729386135-nintendo.jpg - 13:02:53
[31mfatal[39m: GET es /images/1706729386135-nintendo.jpg - 13:02:53
[31mfatal[39m: GET es /images/1706729386135-nintendo.jpg - 13:05:27
[31mfatal[39m: GET es /images/1706729386135-nintendo.jpg - 13:05:27
[31mfatal[39m: GET es /images/1706729386135-nintendo.jpg - 13:08:28
[31mfatal[39m: GET es /images/1706729386135-nintendo.jpg - 13:08:28
[31mfatal[39m: GET es /images/1706729386135-nintendo.jpg - 13:08:30
[31mfatal[39m: GET es /images/1706729386135-nintendo.jpg - 13:08:30
[31mfatal[39m: GET es /images - 13:15:47
[31mfatal[39m: GET es /images - 13:15:47
[31mfatal[39m: GET es /api/users/upload/products - 13:22:44
[31mfatal[39m: GET es /api/users/upload/products - 13:22:44
[31mfatal[39m: GET es /api/users/images/1706729386135-nintendo.jpg - 13:24:38
[31mfatal[39m: GET es /api/users/images/1706729386135-nintendo.jpg - 13:24:38
[31mfatal[39m: GET es /api/users/images/upload/products/1706729386135-nintendo.jpg - 16:33:05
[31mfatal[39m: GET es /api/users/images/upload/products/1706729386135-nintendo.jpg - 16:33:05
[31mfatal[39m: GET es /api/users/upload/images - 12:32:45
[31mfatal[39m: GET es /api/users/upload/images - 12:32:45
[31mfatal[39m: GET es /api/users/upload/images/1706804521004-nintendo - 12:34:46
[31mfatal[39m: GET es /api/users/upload/images/1706804521004-nintendo - 12:34:46
[31mfatal[39m: GET es /favicon.ico - 12:35:16
[31mfatal[39m: GET es /favicon.ico - 12:35:16
[31mfatal[39m: GET es /api/users/images/upload/products/1706804217923-xbox.jpg - 12:38:25
[31mfatal[39m: GET es /api/users/images/upload/products/1706804217923-xbox.jpg - 12:38:25
[31mfatal[39m: GET es /upload/products/1706804217923-xbox.jpg - 12:38:57
[31mfatal[39m: GET es /upload/products/1706804217923-xbox.jpg - 12:38:57
