[34minfo[39m: GET es / - 19:12:33
[34minfo[39m: Hola
[34minfo[39m: GET es /favicon.ico - 19:12:33
[34minfo[39m: GET es / - 19:14:38
[34minfo[39m: GET es / - 19:14:44
[34minfo[39m: GET es /info - 19:14:47
[34minfo[39m: Hola
[34minfo[39m: GET es /favicon.ico - 19:14:47
[34minfo[39m: GET es /fatal - 19:17:15
[34minfo[39m: Fatal
[31mfatal[39m: GET es /fatal - 19:17:41
[31mfatal[39m: GET es /fatal - 19:17:41
[34minfo[39m: Fatal
[31mfatal[39m: POST es /api/users/reset-password - 14:19:03
[31mfatal[39m: POST es /api/users/reset-password - 14:19:03
[31mfatal[39m: POST es /api/users/password-recovery - 14:19:33
[31mfatal[39m: POST es /api/users/password-recovery - 14:19:33
[31mfatal[39m: POST es /api/users/password-recovery - 14:21:03
[31mfatal[39m: POST es /api/users/password-recovery - 14:21:03
[31mfatal[39m: POST es /api/users/password-recovery - 14:30:47
[31mfatal[39m: POST es /api/users/password-recovery - 14:30:47
[31mfatal[39m: POST es /api/users/password-recovery - 17:24:30
[31mfatal[39m: POST es /api/users/password-recovery - 17:24:30
[31mfatal[39m: POST es /api/users/password-recovery - 19:47:21
[31mfatal[39m: POST es /api/users/password-recovery - 19:47:21
[31mfatal[39m: POST es /api/users/password-recovery - 19:50:20
[31mfatal[39m: POST es /api/users/password-recovery - 19:50:20
[31mfatal[39m: POST es /api/users/password-recovery - 19:50:34
[31mfatal[39m: POST es /api/users/password-recovery - 19:50:34
[31mfatal[39m: POST es /api/users/password-recovery - 19:53:20
[31mfatal[39m: POST es /api/users/password-recovery - 19:53:20
[31mfatal[39m: POST es /api/users/password-recovery - 19:55:40
[31mfatal[39m: POST es /api/users/password-recovery - 19:55:40
[31mfatal[39m: POST es /api/users/password-recovery - 20:41:26
[31mfatal[39m: POST es /api/users/password-recovery - 20:41:26
[31mfatal[39m: POST es /api/users/password-recovery - 20:41:34
[31mfatal[39m: POST es /api/users/password-recovery - 20:41:34
[31mfatal[39m: POST es /api/users/password-recovery - 20:44:49
[31mfatal[39m: POST es /api/users/password-recovery - 20:44:49
[31mfatal[39m: POST es /api/users/password-recovery - 20:45:28
[31mfatal[39m: POST es /api/users/password-recovery - 20:45:28
[31mfatal[39m: POST es /api/users/password-recovery - 20:47:01
[31mfatal[39m: POST es /api/users/password-recovery - 20:47:01
[31mfatal[39m: POST es /api/users/password-recovery - 20:48:29
[31mfatal[39m: POST es /api/users/password-recovery - 20:48:29
[31mfatal[39m: POST es /api/users/password-recovery - 20:48:38
[31mfatal[39m: POST es /api/users/password-recovery - 20:48:38
[31mfatal[39m: POST es /api/users/password-recovery - 20:51:20
[31mfatal[39m: POST es /api/users/password-recovery - 20:51:20
[31mfatal[39m: POST es /api/users/password-recovery - 20:54:44
[31mfatal[39m: POST es /api/users/password-recovery - 20:54:44
[31mfatal[39m: POST es /api/users/password-recovery - 20:55:48
[31mfatal[39m: POST es /api/users/password-recovery - 20:55:48
[31mfatal[39m: POST es /api/users/password-recovery - 20:56:32
[31mfatal[39m: POST es /api/users/password-recovery - 20:56:32
[31mfatal[39m: POST es /api/users/password-recovery - 20:59:11
[31mfatal[39m: POST es /api/users/password-recovery - 20:59:11
[31mfatal[39m: GET es /api/users/password-recovery - 20:59:22
[31mfatal[39m: GET es /api/users/password-recovery - 20:59:22
[31mfatal[39m: POST es /api/users/password-recovery - 21:02:09
[31mfatal[39m: POST es /api/users/password-recovery - 21:02:09
[31mfatal[39m: POST es /api/users/password-recovery - 21:06:11
[31mfatal[39m: POST es /api/users/password-recovery - 21:06:11
[31mfatal[39m: POST es /api/users/password-recovery - 21:07:27
[31mfatal[39m: POST es /api/users/password-recovery - 21:07:27
[31mfatal[39m: GET es /api/users/password-recovery - 21:07:44
[31mfatal[39m: GET es /api/users/password-recovery - 21:07:44
[31mfatal[39m: POST es /api/users/password-recovery - 21:07:48
[31mfatal[39m: POST es /api/users/password-recovery - 21:07:48
[31mfatal[39m: POST es /api/users/password-recovery - 21:22:57
[31mfatal[39m: POST es /api/users/password-recovery - 21:22:57
[31mfatal[39m: POST es /api/users/password-recovery - 21:25:40
[31mfatal[39m: POST es /api/users/password-recovery - 21:25:40
[31mfatal[39m: POST es /api/users/password-recovery - 21:40:53
[31mfatal[39m: POST es /api/users/password-recovery - 21:40:53
[31mfatal[39m: POST es /api/users/password-recovery - 21:44:55
[31mfatal[39m: POST es /api/users/password-recovery - 21:44:55
[31mfatal[39m: POST es /api/users/password-recovery - 21:45:16
[31mfatal[39m: POST es /api/users/password-recovery - 21:45:16
[31mfatal[39m: PUT es /api/carts/null/products/ - 20:51:24
[31mfatal[39m: PUT es /api/carts/null/products/ - 20:51:24
[31mfatal[39m: PUT es /api/carts/6582027545d7c5ae7a6ad576/products/ - 20:52:05
[31mfatal[39m: PUT es /api/carts/6582027545d7c5ae7a6ad576/products/ - 20:52:05
[31mfatal[39m: POST es /api/carts/6582030729132a5d25e98aaf/products/ - 20:54:32
[31mfatal[39m: POST es /api/carts/6582030729132a5d25e98aaf/products/ - 20:54:32
[31mfatal[39m: POST es /api/carts/65820512cfa1e5385b1ae873/products/ - 21:03:14
[31mfatal[39m: POST es /api/carts/65820512cfa1e5385b1ae873/products/ - 21:03:14
[31mfatal[39m: POST es /api/carts/65820daaed7e121c7a50fe00/products/ - 21:39:54
[31mfatal[39m: POST es /api/carts/65820daaed7e121c7a50fe00/products/ - 21:39:54
[31mfatal[39m: POST es /api/carts/65820ea0b1048c0aab85bd43/products/ - 21:44:00
[31mfatal[39m: POST es /api/carts/65820ea0b1048c0aab85bd43/products/ - 21:44:00
[31mfatal[39m: POST es /api/carts/65820eef05a56ec3c8eeb908/products/ - 21:45:19
[31mfatal[39m: POST es /api/carts/65820eef05a56ec3c8eeb908/products/ - 21:45:19
[31mfatal[39m: POST es /api/users/password-recovery - 15:03:46
[31mfatal[39m: POST es /api/users/password-recovery - 15:03:46
[31mfatal[39m: POST es /api/sessions/current - 15:17:28
[31mfatal[39m: POST es /api/sessions/current - 15:17:28
[31mfatal[39m: POST es /api/sessions/current - 15:17:58
[31mfatal[39m: POST es /api/sessions/current - 15:17:58
[31mfatal[39m: POST es /api/sessions/current - 21:15:57
[31mfatal[39m: POST es /api/sessions/current - 21:15:57
